> Task :app:checkKotlinGradlePluginConfigurationErrors SKIPPED
> Task :app:preBuild UP-TO-DATE
> Task :app:preDebugBuild UP-TO-DATE
> Task :app:generateDebugBuildConfig UP-TO-DATE
> Task :app:checkDebugAarMetadata UP-TO-DATE
> Task :app:generateDebugResValues UP-TO-DATE
> Task :app:mapDebugSourceSetPaths UP-TO-DATE
> Task :app:generateDebugResources UP-TO-DATE
> Task :app:mergeDebugResources UP-TO-DATE
> Task :app:packageDebugResources UP-TO-DATE
> Task :app:parseDebugLocalResources UP-TO-DATE
> Task :app:createDebugCompatibleScreenManifests UP-TO-DATE
> Task :app:extractDeepLinksDebug UP-TO-DATE
> Task :app:processDebugMainManifest UP-TO-DATE
> Task :app:processDebugManifest UP-TO-DATE
> Task :app:processDebugManifestForPackage UP-TO-DATE
> Task :app:processDebugResources UP-TO-DATE

> Task :app:compileDebugKotlin FAILED
./gradlew : e: file:///D:/Gy
m/gym-Android/app/src/main/j
ava/com/lc9th5/gym/ui/view/T
woFactorSettingsScreen.kt:22
9:59 Unresolved reference 
'CardBackground'.
At line:1 char:52
+ ... ng = 
[Text.Encoding]::UTF8; 
./gradlew 
compileDebugKotlin 2>&1 | 
Out-F ...
+                           
      ~~~~~~~~~~~~~~~~~~~~~~
~~~~~~~~~~~
    + CategoryInfo          
    : NotSpecified: (e: fi  
  le:///D:/G...ardBackgro   
 und'.:String) [], Remot    
eException
    + FullyQualifiedErrorId 
    : NativeCommandError
 
e: file:///D:/Gym/gym-Androi
d/app/src/main/java/com/lc9t
h5/gym/ui/view/TwoFactorSett
ingsScreen.kt:368:59 
Unresolved reference 
'CardBackground'.
e: file:///D:/Gym/gym-Androi
d/app/src/main/java/com/lc9t
h5/gym/ui/view/TwoFactorSett
ingsScreen.kt:480:44 
Unresolved reference 
'CardBackground'.
e: file:///D:/Gym/gym-Androi
d/app/src/main/java/com/lc9t
h5/gym/ui/view/TwoFactorSett
ingsScreen.kt:540:59 
Unresolved reference 
'CardBackground'.
e: file:///D:/Gym/gym-Androi
d/app/src/main/java/com/lc9t
h5/gym/ui/view/TwoFactorSett
ingsScreen.kt:674:63 
Unresolved reference 
'CardBackground'.
e: file:///D:/Gym/gym-Androi
d/app/src/main/java/com/lc9t
h5/gym/ui/view/TwoFactorSett
ingsScreen.kt:716:48 
Unresolved reference 
'CardBackground'.

FAILURE: Build failed with 
an exception.

* What went wrong:
Execution failed for task 
':app:compileDebugKotlin'.
> A failure occurred while 
executing org.jetbrains.kotl
in.compilerRunner.GradleComp
ilerRunnerWithWorkers$Gradle
KotlinCompilerWorkAction
   > Compilation error. See 
log for more details

* Try:
> Run with --stacktrace 
option to get the stack 
trace.
> Run with --info or 
--debug option to get more 
log output.
> Run with --scan to get 
full insights.
> Get more help at 
https://help.gradle.org.

BUILD FAILED in 9s
15 actionable tasks: 1 executed, 14 up-to-date
